<?xml version="1.0" encoding="UTF-8"?>
<!-- Generated by org.testng.reporters.JUnitReportReporter -->
<testsuite hostname="LAPTOP-RO130BG1" failures="0" tests="1" name="com.qa.test.NotesTest" time="7.429" errors="0" timestamp="2023-10-11T20:15:08 IST" skipped="0">
  <testcase classname="com.qa.test.NotesTest" name="verifyHideColumn" time="7.429"/>
</testsuite> <!-- com.qa.test.NotesTest -->
