<?xml version="1.0" encoding="UTF-8"?>
<!-- Generated by org.testng.reporters.JUnitReportReporter -->
<testsuite hostname="LAPTOP-RO130BG1" failures="0" tests="1" name="com.qa.test.LoginDemoTest" time="9.096" errors="0" timestamp="2023-09-25T03:05:49 IST" skipped="0">
  <testcase classname="com.qa.test.LoginDemoTest" name="verifyLoginDemoPage" time="9.096"/>
</testsuite> <!-- com.qa.test.LoginDemoTest -->
