<?xml version="1.0" encoding="UTF-8"?>
<!-- Generated by org.testng.reporters.JUnitReportReporter -->
<testsuite hostname="LAPTOP-RO130BG1" failures="0" tests="1" name="com.qa.test.MessagesTest" time="9.087" errors="0" timestamp="2023-10-11T19:58:37 IST" skipped="0">
  <testcase classname="com.qa.test.MessagesTest" name="verifySendReply" time="9.087"/>
</testsuite> <!-- com.qa.test.MessagesTest -->
