<?xml version="1.0" encoding="UTF-8"?>
<!-- Generated by org.testng.reporters.JUnitReportReporter -->
<testsuite hostname="LAPTOP-RO130BG1" failures="0" tests="1" name="com.qa.test.MessagesTest" time="11.155" errors="0" timestamp="2023-09-14T18:52:29 IST" skipped="0">
  <testcase classname="com.qa.test.MessagesTest" name="verifySendReply" time="11.155"/>
</testsuite> <!-- com.qa.test.MessagesTest -->
