<?xml version="1.0" encoding="UTF-8"?>
<!-- Generated by org.testng.reporters.JUnitReportReporter -->
<testsuite hostname="LAPTOP-RO130BG1" failures="0" tests="1" name="com.qa.test.ClientsTest" time="6.699" errors="0" timestamp="2023-10-11T19:56:34 IST" skipped="0">
  <testcase classname="com.qa.test.ClientsTest" name="verifyDeleteClient" time="6.699"/>
</testsuite> <!-- com.qa.test.ClientsTest -->
