<?xml version="1.0" encoding="UTF-8"?>
<!-- Generated by org.testng.reporters.JUnitReportReporter -->
<testsuite hostname="LAPTOP-RO130BG1" failures="0" tests="1" name="com.qa.test.NotesTest" time="11.416" errors="0" timestamp="2023-10-03T03:28:04 IST" skipped="0">
  <testcase classname="com.qa.test.NotesTest" name="verifyEditNote" time="11.416"/>
</testsuite> <!-- com.qa.test.NotesTest -->
