<?xml version="1.0" encoding="UTF-8"?>
<!-- Generated by org.testng.reporters.JUnitReportReporter -->
<testsuite hostname="LAPTOP-RO130BG1" failures="0" tests="1" name="com.qa.test.LoginDemoTest" time="15.751" errors="0" timestamp="2023-10-05T08:28:03 IST" skipped="0">
  <testcase classname="com.qa.test.LoginDemoTest" name="verifyLoginDemoPage" time="15.751"/>
</testsuite> <!-- com.qa.test.LoginDemoTest -->
